{"/Users/ja/Desktop/WeatherApp/App.js": {"path":"/Users/ja/Desktop/WeatherApp/App.js","statementMap":{"0":{"start":{"line":12,"column":28},"end":{"line":15,"column":2}},"1":{"start":{"line":18,"column":36},"end":{"line":18,"column":53}},"2":{"start":{"line":20,"column":26},"end":{"line":22,"column":3}},"3":{"start":{"line":21,"column":4},"end":{"line":21,"column":66}},"4":{"start":{"line":21,"column":28},"end":{"line":21,"column":63}},"5":{"start":{"line":24,"column":18},"end":{"line":24,"column":66}},"6":{"start":{"line":26,"column":2},"end":{"line":43,"column":4}}},"fnMap":{"0":{"name":"(anonymous_0)","decl":{"start":{"line":14,"column":19},"end":{"line":14,"column":20}},"loc":{"start":{"line":14,"column":25},"end":{"line":14,"column":27}},"line":14},"1":{"name":"App","decl":{"start":{"line":17,"column":24},"end":{"line":17,"column":27}},"loc":{"start":{"line":17,"column":30},"end":{"line":44,"column":1}},"line":17},"2":{"name":"(anonymous_2)","decl":{"start":{"line":20,"column":26},"end":{"line":20,"column":27}},"loc":{"start":{"line":20,"column":32},"end":{"line":22,"column":3}},"line":20},"3":{"name":"(anonymous_3)","decl":{"start":{"line":21,"column":17},"end":{"line":21,"column":18}},"loc":{"start":{"line":21,"column":28},"end":{"line":21,"column":63}},"line":21}},"branchMap":{"0":{"loc":{"start":{"line":21,"column":28},"end":{"line":21,"column":63}},"type":"cond-expr","locations":[{"start":{"line":21,"column":47},"end":{"line":21,"column":53}},{"start":{"line":21,"column":56},"end":{"line":21,"column":63}}],"line":21},"1":{"loc":{"start":{"line":24,"column":18},"end":{"line":24,"column":66}},"type":"cond-expr","locations":[{"start":{"line":24,"column":42},"end":{"line":24,"column":53}},{"start":{"line":24,"column":56},"end":{"line":24,"column":66}}],"line":24},"2":{"loc":{"start":{"line":30,"column":27},"end":{"line":30,"column":83}},"type":"cond-expr","locations":[{"start":{"line":30,"column":51},"end":{"line":30,"column":65}},{"start":{"line":30,"column":68},"end":{"line":30,"column":83}}],"line":30}},"s":{"0":1,"1":0,"2":0,"3":0,"4":0,"5":0,"6":0},"f":{"0":0,"1":0,"2":0,"3":0},"b":{"0":[0,0],"1":[0,0],"2":[0,0]},"_coverageSchema":"1a1c01bbd47fc00a2c39e90264f33305004495a9","hash":"c077a605c5b1f827a1ffae281a74379974041f75"}
,"/Users/ja/Desktop/WeatherApp/index.js": {"path":"/Users/ja/Desktop/WeatherApp/index.js","statementMap":{"0":{"start":{"line":8,"column":0},"end":{"line":8,"column":27}}},"fnMap":{},"branchMap":{},"s":{"0":0},"f":{},"b":{}}
,"/Users/ja/Desktop/WeatherApp/src/components/Header/Header.js": {"path":"/Users/ja/Desktop/WeatherApp/src/components/Header/Header.js","statementMap":{"0":{"start":{"line":7,"column":15},"end":{"line":31,"column":1}},"1":{"start":{"line":8,"column":41},"end":{"line":8,"column":65}},"2":{"start":{"line":10,"column":2},"end":{"line":30,"column":4}}},"fnMap":{"0":{"name":"(anonymous_0)","decl":{"start":{"line":7,"column":15},"end":{"line":7,"column":16}},"loc":{"start":{"line":7,"column":21},"end":{"line":31,"column":1}},"line":7}},"branchMap":{"0":{"loc":{"start":{"line":21,"column":41},"end":{"line":21,"column":87}},"type":"cond-expr","locations":[{"start":{"line":21,"column":64},"end":{"line":21,"column":74}},{"start":{"line":21,"column":77},"end":{"line":21,"column":87}}],"line":21},"1":{"loc":{"start":{"line":24,"column":16},"end":{"line":24,"column":50}},"type":"cond-expr","locations":[{"start":{"line":24,"column":40},"end":{"line":24,"column":44}},{"start":{"line":24,"column":47},"end":{"line":24,"column":50}}],"line":24},"2":{"loc":{"start":{"line":26,"column":19},"end":{"line":26,"column":68}},"type":"cond-expr","locations":[{"start":{"line":26,"column":43},"end":{"line":26,"column":54}},{"start":{"line":26,"column":57},"end":{"line":26,"column":68}}],"line":26}},"s":{"0":1,"1":1,"2":1},"f":{"0":1},"b":{"0":[0,1],"1":[1,0],"2":[1,0]},"_coverageSchema":"1a1c01bbd47fc00a2c39e90264f33305004495a9","hash":"66f81e7db9337337637fd649b2d3277e3c542f88"}
,"/Users/ja/Desktop/WeatherApp/src/navigation/AppNavigation.js": {"path":"/Users/ja/Desktop/WeatherApp/src/navigation/AppNavigation.js","statementMap":{"0":{"start":{"line":5,"column":14},"end":{"line":5,"column":42}},"1":{"start":{"line":7,"column":21},"end":{"line":17,"column":1}},"2":{"start":{"line":8,"column":2},"end":{"line":16,"column":4}}},"fnMap":{"0":{"name":"(anonymous_0)","decl":{"start":{"line":7,"column":21},"end":{"line":7,"column":22}},"loc":{"start":{"line":7,"column":27},"end":{"line":17,"column":1}},"line":7}},"branchMap":{},"s":{"0":1,"1":1,"2":0},"f":{"0":0},"b":{},"_coverageSchema":"1a1c01bbd47fc00a2c39e90264f33305004495a9","hash":"724a7ed117729d3d4945bea6c2555937d53fcce7"}
,"/Users/ja/Desktop/WeatherApp/src/redux/store.js": {"path":"/Users/ja/Desktop/WeatherApp/src/redux/store.js","statementMap":{"0":{"start":{"line":5,"column":14},"end":{"line":11,"column":2}},"1":{"start":{"line":10,"column":4},"end":{"line":10,"column":41}}},"fnMap":{"0":{"name":"(anonymous_0)","decl":{"start":{"line":9,"column":14},"end":{"line":9,"column":15}},"loc":{"start":{"line":10,"column":4},"end":{"line":10,"column":41}},"line":10}},"branchMap":{},"s":{"0":1,"1":1},"f":{"0":1},"b":{},"_coverageSchema":"1a1c01bbd47fc00a2c39e90264f33305004495a9","hash":"49fd2f05afea4dec120fb628b18ccc3aa7fb2f72"}
,"/Users/ja/Desktop/WeatherApp/src/redux/actions/actionTypes.js": {"path":"/Users/ja/Desktop/WeatherApp/src/redux/actions/actionTypes.js","statementMap":{"0":{"start":{"line":1,"column":37},"end":{"line":1,"column":60}},"1":{"start":{"line":2,"column":36},"end":{"line":2,"column":58}},"2":{"start":{"line":3,"column":39},"end":{"line":3,"column":64}}},"fnMap":{},"branchMap":{},"s":{"0":1,"1":1,"2":1},"f":{},"b":{},"_coverageSchema":"1a1c01bbd47fc00a2c39e90264f33305004495a9","hash":"cefa5bdcb8464e5ac113d7a0e2ce751aa17d4460"}
,"/Users/ja/Desktop/WeatherApp/src/redux/actions/index.js": {"path":"/Users/ja/Desktop/WeatherApp/src/redux/actions/index.js","statementMap":{},"fnMap":{},"branchMap":{},"s":{},"f":{},"b":{}}
,"/Users/ja/Desktop/WeatherApp/src/redux/actions/weatherAction.js": {"path":"/Users/ja/Desktop/WeatherApp/src/redux/actions/weatherAction.js","statementMap":{"0":{"start":{"line":9,"column":35},"end":{"line":11,"column":2}},"1":{"start":{"line":9,"column":42},"end":{"line":11,"column":1}},"2":{"start":{"line":13,"column":34},"end":{"line":16,"column":2}},"3":{"start":{"line":13,"column":46},"end":{"line":16,"column":1}},"4":{"start":{"line":18,"column":37},"end":{"line":21,"column":2}},"5":{"start":{"line":18,"column":48},"end":{"line":21,"column":1}},"6":{"start":{"line":24,"column":34},"end":{"line":33,"column":1}},"7":{"start":{"line":24,"column":48},"end":{"line":33,"column":1}},"8":{"start":{"line":25,"column":2},"end":{"line":32,"column":3}},"9":{"start":{"line":26,"column":4},"end":{"line":26,"column":36}},"10":{"start":{"line":27,"column":17},"end":{"line":27,"column":47}},"11":{"start":{"line":28,"column":4},"end":{"line":28,"column":42}},"12":{"start":{"line":29,"column":4},"end":{"line":29,"column":16}},"13":{"start":{"line":31,"column":4},"end":{"line":31,"column":48}}},"fnMap":{"0":{"name":"(anonymous_0)","decl":{"start":{"line":9,"column":35},"end":{"line":9,"column":36}},"loc":{"start":{"line":9,"column":42},"end":{"line":11,"column":1}},"line":9},"1":{"name":"(anonymous_1)","decl":{"start":{"line":13,"column":34},"end":{"line":13,"column":35}},"loc":{"start":{"line":13,"column":46},"end":{"line":16,"column":1}},"line":13},"2":{"name":"(anonymous_2)","decl":{"start":{"line":18,"column":37},"end":{"line":18,"column":38}},"loc":{"start":{"line":18,"column":48},"end":{"line":21,"column":1}},"line":18},"3":{"name":"(anonymous_3)","decl":{"start":{"line":24,"column":34},"end":{"line":24,"column":35}},"loc":{"start":{"line":24,"column":48},"end":{"line":33,"column":1}},"line":24},"4":{"name":"(anonymous_4)","decl":{"start":{"line":24,"column":48},"end":{"line":24,"column":49}},"loc":{"start":{"line":24,"column":68},"end":{"line":33,"column":1}},"line":24}},"branchMap":{},"s":{"0":1,"1":0,"2":1,"3":0,"4":1,"5":0,"6":1,"7":0,"8":0,"9":0,"10":0,"11":0,"12":0,"13":0},"f":{"0":0,"1":0,"2":0,"3":0,"4":0},"b":{},"_coverageSchema":"1a1c01bbd47fc00a2c39e90264f33305004495a9","hash":"f70c3c82df9e9eaca61286a0ee383698ddab1385"}
,"/Users/ja/Desktop/WeatherApp/src/redux/reducers/weatherReducer.js": {"path":"/Users/ja/Desktop/WeatherApp/src/redux/reducers/weatherReducer.js","statementMap":{"0":{"start":{"line":9,"column":21},"end":{"line":13,"column":1}},"1":{"start":{"line":15,"column":23},"end":{"line":26,"column":1}},"2":{"start":{"line":16,"column":2},"end":{"line":25,"column":3}},"3":{"start":{"line":18,"column":6},"end":{"line":18,"column":57}},"4":{"start":{"line":20,"column":6},"end":{"line":20,"column":66}},"5":{"start":{"line":22,"column":6},"end":{"line":22,"column":67}},"6":{"start":{"line":24,"column":6},"end":{"line":24,"column":19}}},"fnMap":{"0":{"name":"(anonymous_0)","decl":{"start":{"line":15,"column":23},"end":{"line":15,"column":24}},"loc":{"start":{"line":15,"column":57},"end":{"line":26,"column":1}},"line":15}},"branchMap":{"0":{"loc":{"start":{"line":15,"column":24},"end":{"line":15,"column":44}},"type":"default-arg","locations":[{"start":{"line":15,"column":32},"end":{"line":15,"column":44}}],"line":15},"1":{"loc":{"start":{"line":16,"column":2},"end":{"line":25,"column":3}},"type":"switch","locations":[{"start":{"line":17,"column":4},"end":{"line":18,"column":57}},{"start":{"line":19,"column":4},"end":{"line":20,"column":66}},{"start":{"line":21,"column":4},"end":{"line":22,"column":67}},{"start":{"line":23,"column":4},"end":{"line":24,"column":19}}],"line":16}},"s":{"0":1,"1":1,"2":3,"3":0,"4":0,"5":0,"6":3},"f":{"0":3},"b":{"0":[3],"1":[0,0,0,3]},"_coverageSchema":"1a1c01bbd47fc00a2c39e90264f33305004495a9","hash":"952aa08f013161e2c639119cccf46a46ea1b0c5b"}
,"/Users/ja/Desktop/WeatherApp/src/screens/Weather/Weather.handler.js": {"path":"/Users/ja/Desktop/WeatherApp/src/screens/Weather/Weather.handler.js","statementMap":{},"fnMap":{},"branchMap":{},"s":{},"f":{},"b":{}}
,"/Users/ja/Desktop/WeatherApp/src/screens/Weather/Weather.styles.js": {"path":"/Users/ja/Desktop/WeatherApp/src/screens/Weather/Weather.styles.js","statementMap":{"0":{"start":{"line":3,"column":33},"end":{"line":3,"column":57}},"1":{"start":{"line":4,"column":31},"end":{"line":4,"column":55}},"2":{"start":{"line":6,"column":15},"end":{"line":16,"column":2}}},"fnMap":{},"branchMap":{},"s":{"0":1,"1":1,"2":1},"f":{},"b":{},"_coverageSchema":"1a1c01bbd47fc00a2c39e90264f33305004495a9","hash":"308b09d01c934612dcb86562dc5cb4a389aff123"}
,"/Users/ja/Desktop/WeatherApp/src/screens/Weather/index.js": {"path":"/Users/ja/Desktop/WeatherApp/src/screens/Weather/index.js","statementMap":{"0":{"start":{"line":19,"column":16},"end":{"line":175,"column":1}},"1":{"start":{"line":22,"column":22},"end":{"line":22,"column":46}},"2":{"start":{"line":23,"column":18},"end":{"line":23,"column":42}},"3":{"start":{"line":24,"column":18},"end":{"line":24,"column":30}},"4":{"start":{"line":25,"column":17},"end":{"line":25,"column":30}},"5":{"start":{"line":26,"column":39},"end":{"line":26,"column":76}},"6":{"start":{"line":26,"column":62},"end":{"line":26,"column":75}},"7":{"start":{"line":28,"column":35},"end":{"line":28,"column":50}},"8":{"start":{"line":29,"column":30},"end":{"line":29,"column":45}},"9":{"start":{"line":30,"column":44},"end":{"line":30,"column":58}},"10":{"start":{"line":34,"column":0},"end":{"line":36,"column":6}},"11":{"start":{"line":35,"column":0},"end":{"line":35,"column":28}},"12":{"start":{"line":38,"column":34},"end":{"line":43,"column":1}},"13":{"start":{"line":39,"column":18},"end":{"line":39,"column":39}},"14":{"start":{"line":40,"column":0},"end":{"line":42,"column":1}},"15":{"start":{"line":41,"column":0},"end":{"line":41,"column":40}},"16":{"start":{"line":46,"column":21},"end":{"line":66,"column":1}},"17":{"start":{"line":47,"column":2},"end":{"line":47,"column":19}},"18":{"start":{"line":48,"column":2},"end":{"line":48,"column":27}},"19":{"start":{"line":50,"column":0},"end":{"line":65,"column":1}},"20":{"start":{"line":51,"column":2},"end":{"line":64,"column":3}},"21":{"start":{"line":52,"column":19},"end":{"line":52,"column":60}},"22":{"start":{"line":54,"column":4},"end":{"line":60,"column":5}},"23":{"start":{"line":55,"column":6},"end":{"line":55,"column":45}},"24":{"start":{"line":56,"column":8},"end":{"line":56,"column":25}},"25":{"start":{"line":58,"column":6},"end":{"line":58,"column":24}},"26":{"start":{"line":62,"column":4},"end":{"line":62,"column":22}},"27":{"start":{"line":63,"column":4},"end":{"line":63,"column":42}},"28":{"start":{"line":68,"column":27},"end":{"line":76,"column":1}},"29":{"start":{"line":69,"column":0},"end":{"line":69,"column":18}},"30":{"start":{"line":70,"column":0},"end":{"line":70,"column":19}},"31":{"start":{"line":71,"column":0},"end":{"line":71,"column":26}},"32":{"start":{"line":72,"column":0},"end":{"line":74,"column":1}},"33":{"start":{"line":73,"column":2},"end":{"line":73,"column":26}},"34":{"start":{"line":80,"column":29},"end":{"line":80,"column":73}},"35":{"start":{"line":85,"column":2},"end":{"line":87,"column":32}},"36":{"start":{"line":92,"column":19},"end":{"line":92,"column":23}},"37":{"start":{"line":94,"column":0},"end":{"line":128,"column":1}},"38":{"start":{"line":95,"column":0},"end":{"line":99,"column":2}},"39":{"start":{"line":100,"column":7},"end":{"line":128,"column":1}},"40":{"start":{"line":101,"column":0},"end":{"line":127,"column":2}},"41":{"start":{"line":131,"column":0},"end":{"line":174,"column":1}}},"fnMap":{"0":{"name":"(anonymous_0)","decl":{"start":{"line":19,"column":16},"end":{"line":19,"column":17}},"loc":{"start":{"line":19,"column":22},"end":{"line":175,"column":1}},"line":19},"1":{"name":"(anonymous_1)","decl":{"start":{"line":26,"column":51},"end":{"line":26,"column":52}},"loc":{"start":{"line":26,"column":62},"end":{"line":26,"column":75}},"line":26},"2":{"name":"(anonymous_2)","decl":{"start":{"line":34,"column":10},"end":{"line":34,"column":11}},"loc":{"start":{"line":34,"column":16},"end":{"line":36,"column":1}},"line":34},"3":{"name":"(anonymous_3)","decl":{"start":{"line":38,"column":34},"end":{"line":38,"column":35}},"loc":{"start":{"line":38,"column":46},"end":{"line":43,"column":1}},"line":38},"4":{"name":"(anonymous_4)","decl":{"start":{"line":46,"column":21},"end":{"line":46,"column":22}},"loc":{"start":{"line":46,"column":38},"end":{"line":66,"column":1}},"line":46},"5":{"name":"(anonymous_5)","decl":{"start":{"line":68,"column":27},"end":{"line":68,"column":28}},"loc":{"start":{"line":68,"column":33},"end":{"line":76,"column":1}},"line":68}},"branchMap":{"0":{"loc":{"start":{"line":40,"column":0},"end":{"line":42,"column":1}},"type":"if","locations":[{"start":{"line":40,"column":0},"end":{"line":42,"column":1}},{"start":{},"end":{}}],"line":40},"1":{"loc":{"start":{"line":50,"column":0},"end":{"line":65,"column":1}},"type":"if","locations":[{"start":{"line":50,"column":0},"end":{"line":65,"column":1}},{"start":{},"end":{}}],"line":50},"2":{"loc":{"start":{"line":54,"column":4},"end":{"line":60,"column":5}},"type":"if","locations":[{"start":{"line":54,"column":4},"end":{"line":60,"column":5}},{"start":{"line":57,"column":11},"end":{"line":60,"column":5}}],"line":54},"3":{"loc":{"start":{"line":72,"column":0},"end":{"line":74,"column":1}},"type":"if","locations":[{"start":{"line":72,"column":0},"end":{"line":74,"column":1}},{"start":{},"end":{}}],"line":72},"4":{"loc":{"start":{"line":85,"column":2},"end":{"line":87,"column":32}},"type":"cond-expr","locations":[{"start":{"line":86,"column":6},"end":{"line":86,"column":30}},{"start":{"line":87,"column":6},"end":{"line":87,"column":32}}],"line":85},"5":{"loc":{"start":{"line":94,"column":0},"end":{"line":128,"column":1}},"type":"if","locations":[{"start":{"line":94,"column":0},"end":{"line":128,"column":1}},{"start":{"line":100,"column":7},"end":{"line":128,"column":1}}],"line":94},"6":{"loc":{"start":{"line":94,"column":5},"end":{"line":94,"column":25}},"type":"binary-expr","locations":[{"start":{"line":94,"column":5},"end":{"line":94,"column":16}},{"start":{"line":94,"column":20},"end":{"line":94,"column":25}}],"line":94},"7":{"loc":{"start":{"line":100,"column":7},"end":{"line":128,"column":1}},"type":"if","locations":[{"start":{"line":100,"column":7},"end":{"line":128,"column":1}},{"start":{},"end":{}}],"line":100},"8":{"loc":{"start":{"line":100,"column":11},"end":{"line":100,"column":49}},"type":"binary-expr","locations":[{"start":{"line":100,"column":11},"end":{"line":100,"column":25}},{"start":{"line":100,"column":29},"end":{"line":100,"column":49}}],"line":100},"9":{"loc":{"start":{"line":105,"column":36},"end":{"line":105,"column":85}},"type":"cond-expr","locations":[{"start":{"line":105,"column":59},"end":{"line":105,"column":71}},{"start":{"line":105,"column":73},"end":{"line":105,"column":85}}],"line":105},"10":{"loc":{"start":{"line":106,"column":38},"end":{"line":106,"column":87}},"type":"cond-expr","locations":[{"start":{"line":106,"column":61},"end":{"line":106,"column":73}},{"start":{"line":106,"column":75},"end":{"line":106,"column":87}}],"line":106},"11":{"loc":{"start":{"line":122,"column":47},"end":{"line":122,"column":96}},"type":"cond-expr","locations":[{"start":{"line":122,"column":70},"end":{"line":122,"column":82}},{"start":{"line":122,"column":84},"end":{"line":122,"column":96}}],"line":122},"12":{"loc":{"start":{"line":123,"column":42},"end":{"line":123,"column":92}},"type":"cond-expr","locations":[{"start":{"line":123,"column":65},"end":{"line":123,"column":77}},{"start":{"line":123,"column":80},"end":{"line":123,"column":92}}],"line":123},"13":{"loc":{"start":{"line":137,"column":13},"end":{"line":137,"column":49}},"type":"binary-expr","locations":[{"start":{"line":137,"column":13},"end":{"line":137,"column":33}},{"start":{"line":137,"column":37},"end":{"line":137,"column":49}}],"line":137},"14":{"loc":{"start":{"line":138,"column":11},"end":{"line":138,"column":48}},"type":"binary-expr","locations":[{"start":{"line":138,"column":11},"end":{"line":138,"column":31}},{"start":{"line":138,"column":35},"end":{"line":138,"column":48}}],"line":138},"15":{"loc":{"start":{"line":158,"column":28},"end":{"line":158,"column":75}},"type":"cond-expr","locations":[{"start":{"line":158,"column":51},"end":{"line":158,"column":61}},{"start":{"line":158,"column":64},"end":{"line":158,"column":75}}],"line":158},"16":{"loc":{"start":{"line":161,"column":27},"end":{"line":161,"column":74}},"type":"cond-expr","locations":[{"start":{"line":161,"column":49},"end":{"line":161,"column":60}},{"start":{"line":161,"column":63},"end":{"line":161,"column":74}}],"line":161},"17":{"loc":{"start":{"line":167,"column":1},"end":{"line":171,"column":16}},"type":"cond-expr","locations":[{"start":{"line":168,"column":2},"end":{"line":170,"column":9}},{"start":{"line":171,"column":4},"end":{"line":171,"column":16}}],"line":167},"18":{"loc":{"start":{"line":169,"column":57},"end":{"line":169,"column":103}},"type":"cond-expr","locations":[{"start":{"line":169,"column":79},"end":{"line":169,"column":90}},{"start":{"line":169,"column":93},"end":{"line":169,"column":103}}],"line":169}},"s":{"0":1,"1":0,"2":0,"3":0,"4":0,"5":0,"6":0,"7":0,"8":0,"9":0,"10":0,"11":0,"12":0,"13":0,"14":0,"15":0,"16":0,"17":0,"18":0,"19":0,"20":0,"21":0,"22":0,"23":0,"24":0,"25":0,"26":0,"27":0,"28":0,"29":0,"30":0,"31":0,"32":0,"33":0,"34":0,"35":0,"36":0,"37":0,"38":0,"39":0,"40":0,"41":0},"f":{"0":0,"1":0,"2":0,"3":0,"4":0,"5":0},"b":{"0":[0,0],"1":[0,0],"2":[0,0],"3":[0,0],"4":[0,0],"5":[0,0],"6":[0,0],"7":[0,0],"8":[0,0],"9":[0,0],"10":[0,0],"11":[0,0],"12":[0,0],"13":[0,0],"14":[0,0],"15":[0,0],"16":[0,0],"17":[0,0],"18":[0,0]},"_coverageSchema":"1a1c01bbd47fc00a2c39e90264f33305004495a9","hash":"64c02b7252a7072579792ed959b12c10b5a0dd80"}
,"/Users/ja/Desktop/WeatherApp/src/services/weatherService.js": {"path":"/Users/ja/Desktop/WeatherApp/src/services/weatherService.js","statementMap":{"0":{"start":{"line":4,"column":16},"end":{"line":4,"column":62}},"1":{"start":{"line":6,"column":30},"end":{"line":25,"column":1}},"2":{"start":{"line":7,"column":14},"end":{"line":7,"column":107}},"3":{"start":{"line":9,"column":2},"end":{"line":24,"column":3}},"4":{"start":{"line":10,"column":19},"end":{"line":10,"column":39}},"5":{"start":{"line":12,"column":2},"end":{"line":18,"column":4}},"6":{"start":{"line":20,"column":4},"end":{"line":22,"column":5}},"7":{"start":{"line":21,"column":6},"end":{"line":21,"column":40}},"8":{"start":{"line":23,"column":4},"end":{"line":23,"column":52}}},"fnMap":{"0":{"name":"(anonymous_0)","decl":{"start":{"line":6,"column":30},"end":{"line":6,"column":31}},"loc":{"start":{"line":6,"column":50},"end":{"line":25,"column":1}},"line":6}},"branchMap":{"0":{"loc":{"start":{"line":20,"column":4},"end":{"line":22,"column":5}},"type":"if","locations":[{"start":{"line":20,"column":4},"end":{"line":22,"column":5}},{"start":{},"end":{}}],"line":20},"1":{"loc":{"start":{"line":20,"column":8},"end":{"line":20,"column":75}},"type":"binary-expr","locations":[{"start":{"line":20,"column":8},"end":{"line":20,"column":22}},{"start":{"line":20,"column":26},"end":{"line":20,"column":75}}],"line":20}},"s":{"0":1,"1":1,"2":0,"3":0,"4":0,"5":0,"6":0,"7":0,"8":0},"f":{"0":0},"b":{"0":[0,0],"1":[0,0]},"_coverageSchema":"1a1c01bbd47fc00a2c39e90264f33305004495a9","hash":"7fffa476eb48d02119c79c6e243633c2927dc652"}
,"/Users/ja/Desktop/WeatherApp/src/utils/asyncStorage.js": {"path":"/Users/ja/Desktop/WeatherApp/src/utils/asyncStorage.js","statementMap":{"0":{"start":{"line":5,"column":25},"end":{"line":11,"column":1}},"1":{"start":{"line":6,"column":2},"end":{"line":10,"column":5}},"2":{"start":{"line":7,"column":4},"end":{"line":7,"column":43}},"3":{"start":{"line":9,"column":4},"end":{"line":9,"column":47}},"4":{"start":{"line":13,"column":23},"end":{"line":20,"column":1}},"5":{"start":{"line":14,"column":2},"end":{"line":19,"column":5}},"6":{"start":{"line":15,"column":18},"end":{"line":15,"column":49}},"7":{"start":{"line":16,"column":4},"end":{"line":16,"column":17}},"8":{"start":{"line":18,"column":4},"end":{"line":18,"column":50}}},"fnMap":{"0":{"name":"(anonymous_0)","decl":{"start":{"line":5,"column":25},"end":{"line":5,"column":26}},"loc":{"start":{"line":5,"column":47},"end":{"line":11,"column":1}},"line":5},"1":{"name":"(anonymous_1)","decl":{"start":{"line":13,"column":23},"end":{"line":13,"column":24}},"loc":{"start":{"line":13,"column":38},"end":{"line":20,"column":1}},"line":13}},"branchMap":{},"s":{"0":1,"1":0,"2":0,"3":0,"4":1,"5":0,"6":0,"7":0,"8":0},"f":{"0":0,"1":0},"b":{},"_coverageSchema":"1a1c01bbd47fc00a2c39e90264f33305004495a9","hash":"ce4948f6d0eba46b3b276860551a371498839bfd"}
,"/Users/ja/Desktop/WeatherApp/src/utils/constants.js": {"path":"/Users/ja/Desktop/WeatherApp/src/utils/constants.js","statementMap":{"0":{"start":{"line":1,"column":27},"end":{"line":1,"column":36}},"1":{"start":{"line":2,"column":26},"end":{"line":2,"column":35}},"2":{"start":{"line":3,"column":27},"end":{"line":3,"column":36}},"3":{"start":{"line":4,"column":27},"end":{"line":4,"column":36}},"4":{"start":{"line":5,"column":26},"end":{"line":5,"column":35}}},"fnMap":{},"branchMap":{},"s":{"0":1,"1":1,"2":1,"3":1,"4":1},"f":{},"b":{},"_coverageSchema":"1a1c01bbd47fc00a2c39e90264f33305004495a9","hash":"bd7c9bfeb459e3cca15299a4cf1654a8a58a4427"}
}
