{"/Users/ja/Desktop/WeatherApp/App.js": {"path":"/Users/ja/Desktop/WeatherApp/App.js","statementMap":{"0":{"start":{"line":13,"column":28},"end":{"line":16,"column":2}},"1":{"start":{"line":19,"column":36},"end":{"line":19,"column":53}},"2":{"start":{"line":21,"column":26},"end":{"line":23,"column":3}},"3":{"start":{"line":22,"column":4},"end":{"line":22,"column":66}},"4":{"start":{"line":22,"column":28},"end":{"line":22,"column":63}},"5":{"start":{"line":25,"column":18},"end":{"line":25,"column":66}},"6":{"start":{"line":27,"column":2},"end":{"line":46,"column":4}}},"fnMap":{"0":{"name":"(anonymous_0)","decl":{"start":{"line":15,"column":19},"end":{"line":15,"column":20}},"loc":{"start":{"line":15,"column":25},"end":{"line":15,"column":27}},"line":15},"1":{"name":"App","decl":{"start":{"line":18,"column":24},"end":{"line":18,"column":27}},"loc":{"start":{"line":18,"column":30},"end":{"line":47,"column":1}},"line":18},"2":{"name":"(anonymous_2)","decl":{"start":{"line":21,"column":26},"end":{"line":21,"column":27}},"loc":{"start":{"line":21,"column":32},"end":{"line":23,"column":3}},"line":21},"3":{"name":"(anonymous_3)","decl":{"start":{"line":22,"column":17},"end":{"line":22,"column":18}},"loc":{"start":{"line":22,"column":28},"end":{"line":22,"column":63}},"line":22}},"branchMap":{"0":{"loc":{"start":{"line":22,"column":28},"end":{"line":22,"column":63}},"type":"cond-expr","locations":[{"start":{"line":22,"column":47},"end":{"line":22,"column":53}},{"start":{"line":22,"column":56},"end":{"line":22,"column":63}}],"line":22},"1":{"loc":{"start":{"line":25,"column":18},"end":{"line":25,"column":66}},"type":"cond-expr","locations":[{"start":{"line":25,"column":42},"end":{"line":25,"column":53}},{"start":{"line":25,"column":56},"end":{"line":25,"column":66}}],"line":25},"2":{"loc":{"start":{"line":32,"column":20},"end":{"line":32,"column":76}},"type":"cond-expr","locations":[{"start":{"line":32,"column":44},"end":{"line":32,"column":58}},{"start":{"line":32,"column":61},"end":{"line":32,"column":76}}],"line":32}},"s":{"0":2,"1":0,"2":0,"3":0,"4":0,"5":0,"6":0},"f":{"0":0,"1":0,"2":0,"3":0},"b":{"0":[0,0],"1":[0,0],"2":[0,0]},"_coverageSchema":"1a1c01bbd47fc00a2c39e90264f33305004495a9","hash":"537e64b59a2ffa90ba41e9e185ac20591a1c834b"}
,"/Users/ja/Desktop/WeatherApp/index.js": {"path":"/Users/ja/Desktop/WeatherApp/index.js","statementMap":{"0":{"start":{"line":8,"column":0},"end":{"line":8,"column":27}}},"fnMap":{},"branchMap":{},"s":{"0":0},"f":{},"b":{}}
,"/Users/ja/Desktop/WeatherApp/src/components/Header/Header.js": {"path":"/Users/ja/Desktop/WeatherApp/src/components/Header/Header.js","statementMap":{"0":{"start":{"line":7,"column":15},"end":{"line":31,"column":1}},"1":{"start":{"line":8,"column":41},"end":{"line":8,"column":65}},"2":{"start":{"line":10,"column":2},"end":{"line":30,"column":4}}},"fnMap":{"0":{"name":"(anonymous_0)","decl":{"start":{"line":7,"column":15},"end":{"line":7,"column":16}},"loc":{"start":{"line":7,"column":21},"end":{"line":31,"column":1}},"line":7}},"branchMap":{"0":{"loc":{"start":{"line":21,"column":41},"end":{"line":21,"column":87}},"type":"cond-expr","locations":[{"start":{"line":21,"column":64},"end":{"line":21,"column":74}},{"start":{"line":21,"column":77},"end":{"line":21,"column":87}}],"line":21},"1":{"loc":{"start":{"line":24,"column":16},"end":{"line":24,"column":50}},"type":"cond-expr","locations":[{"start":{"line":24,"column":40},"end":{"line":24,"column":44}},{"start":{"line":24,"column":47},"end":{"line":24,"column":50}}],"line":24},"2":{"loc":{"start":{"line":26,"column":19},"end":{"line":26,"column":68}},"type":"cond-expr","locations":[{"start":{"line":26,"column":43},"end":{"line":26,"column":54}},{"start":{"line":26,"column":57},"end":{"line":26,"column":68}}],"line":26}},"s":{"0":2,"1":1,"2":1},"f":{"0":1},"b":{"0":[0,1],"1":[1,0],"2":[1,0]},"_coverageSchema":"1a1c01bbd47fc00a2c39e90264f33305004495a9","hash":"66f81e7db9337337637fd649b2d3277e3c542f88"}
,"/Users/ja/Desktop/WeatherApp/src/navigation/AppNavigation.js": {"path":"/Users/ja/Desktop/WeatherApp/src/navigation/AppNavigation.js","statementMap":{"0":{"start":{"line":5,"column":14},"end":{"line":5,"column":42}},"1":{"start":{"line":7,"column":21},"end":{"line":17,"column":1}},"2":{"start":{"line":8,"column":2},"end":{"line":16,"column":4}}},"fnMap":{"0":{"name":"(anonymous_0)","decl":{"start":{"line":7,"column":21},"end":{"line":7,"column":22}},"loc":{"start":{"line":7,"column":27},"end":{"line":17,"column":1}},"line":7}},"branchMap":{},"s":{"0":2,"1":2,"2":0},"f":{"0":0},"b":{},"_coverageSchema":"1a1c01bbd47fc00a2c39e90264f33305004495a9","hash":"724a7ed117729d3d4945bea6c2555937d53fcce7"}
,"/Users/ja/Desktop/WeatherApp/src/redux/store.js": {"path":"/Users/ja/Desktop/WeatherApp/src/redux/store.js","statementMap":{"0":{"start":{"line":5,"column":14},"end":{"line":11,"column":2}},"1":{"start":{"line":10,"column":4},"end":{"line":10,"column":41}}},"fnMap":{"0":{"name":"(anonymous_0)","decl":{"start":{"line":9,"column":14},"end":{"line":9,"column":15}},"loc":{"start":{"line":10,"column":4},"end":{"line":10,"column":41}},"line":10}},"branchMap":{},"s":{"0":2,"1":2},"f":{"0":2},"b":{},"_coverageSchema":"1a1c01bbd47fc00a2c39e90264f33305004495a9","hash":"49fd2f05afea4dec120fb628b18ccc3aa7fb2f72"}
,"/Users/ja/Desktop/WeatherApp/src/redux/actions/actionTypes.js": {"path":"/Users/ja/Desktop/WeatherApp/src/redux/actions/actionTypes.js","statementMap":{"0":{"start":{"line":1,"column":37},"end":{"line":1,"column":60}},"1":{"start":{"line":2,"column":36},"end":{"line":2,"column":58}},"2":{"start":{"line":3,"column":39},"end":{"line":3,"column":64}}},"fnMap":{},"branchMap":{},"s":{"0":2,"1":2,"2":2},"f":{},"b":{},"_coverageSchema":"1a1c01bbd47fc00a2c39e90264f33305004495a9","hash":"cefa5bdcb8464e5ac113d7a0e2ce751aa17d4460"}
,"/Users/ja/Desktop/WeatherApp/src/redux/actions/index.js": {"path":"/Users/ja/Desktop/WeatherApp/src/redux/actions/index.js","statementMap":{},"fnMap":{},"branchMap":{},"s":{},"f":{},"b":{}}
,"/Users/ja/Desktop/WeatherApp/src/redux/actions/weatherAction.js": {"path":"/Users/ja/Desktop/WeatherApp/src/redux/actions/weatherAction.js","statementMap":{"0":{"start":{"line":9,"column":35},"end":{"line":11,"column":2}},"1":{"start":{"line":9,"column":42},"end":{"line":11,"column":1}},"2":{"start":{"line":13,"column":34},"end":{"line":16,"column":2}},"3":{"start":{"line":13,"column":46},"end":{"line":16,"column":1}},"4":{"start":{"line":18,"column":37},"end":{"line":21,"column":2}},"5":{"start":{"line":18,"column":48},"end":{"line":21,"column":1}},"6":{"start":{"line":24,"column":34},"end":{"line":33,"column":1}},"7":{"start":{"line":24,"column":48},"end":{"line":33,"column":1}},"8":{"start":{"line":25,"column":2},"end":{"line":32,"column":3}},"9":{"start":{"line":26,"column":4},"end":{"line":26,"column":36}},"10":{"start":{"line":27,"column":17},"end":{"line":27,"column":47}},"11":{"start":{"line":28,"column":4},"end":{"line":28,"column":42}},"12":{"start":{"line":29,"column":4},"end":{"line":29,"column":16}},"13":{"start":{"line":31,"column":4},"end":{"line":31,"column":48}}},"fnMap":{"0":{"name":"(anonymous_0)","decl":{"start":{"line":9,"column":35},"end":{"line":9,"column":36}},"loc":{"start":{"line":9,"column":42},"end":{"line":11,"column":1}},"line":9},"1":{"name":"(anonymous_1)","decl":{"start":{"line":13,"column":34},"end":{"line":13,"column":35}},"loc":{"start":{"line":13,"column":46},"end":{"line":16,"column":1}},"line":13},"2":{"name":"(anonymous_2)","decl":{"start":{"line":18,"column":37},"end":{"line":18,"column":38}},"loc":{"start":{"line":18,"column":48},"end":{"line":21,"column":1}},"line":18},"3":{"name":"(anonymous_3)","decl":{"start":{"line":24,"column":34},"end":{"line":24,"column":35}},"loc":{"start":{"line":24,"column":48},"end":{"line":33,"column":1}},"line":24},"4":{"name":"(anonymous_4)","decl":{"start":{"line":24,"column":48},"end":{"line":24,"column":49}},"loc":{"start":{"line":24,"column":68},"end":{"line":33,"column":1}},"line":24}},"branchMap":{},"s":{"0":1,"1":0,"2":1,"3":0,"4":1,"5":0,"6":1,"7":0,"8":0,"9":0,"10":0,"11":0,"12":0,"13":0},"f":{"0":0,"1":0,"2":0,"3":0,"4":0},"b":{},"_coverageSchema":"1a1c01bbd47fc00a2c39e90264f33305004495a9","hash":"f70c3c82df9e9eaca61286a0ee383698ddab1385"}
,"/Users/ja/Desktop/WeatherApp/src/redux/reducers/weatherReducer.js": {"path":"/Users/ja/Desktop/WeatherApp/src/redux/reducers/weatherReducer.js","statementMap":{"0":{"start":{"line":9,"column":21},"end":{"line":13,"column":1}},"1":{"start":{"line":15,"column":23},"end":{"line":26,"column":1}},"2":{"start":{"line":16,"column":2},"end":{"line":25,"column":3}},"3":{"start":{"line":18,"column":6},"end":{"line":18,"column":57}},"4":{"start":{"line":20,"column":6},"end":{"line":20,"column":66}},"5":{"start":{"line":22,"column":6},"end":{"line":22,"column":67}},"6":{"start":{"line":24,"column":6},"end":{"line":24,"column":19}}},"fnMap":{"0":{"name":"(anonymous_0)","decl":{"start":{"line":15,"column":23},"end":{"line":15,"column":24}},"loc":{"start":{"line":15,"column":57},"end":{"line":26,"column":1}},"line":15}},"branchMap":{"0":{"loc":{"start":{"line":15,"column":24},"end":{"line":15,"column":44}},"type":"default-arg","locations":[{"start":{"line":15,"column":32},"end":{"line":15,"column":44}}],"line":15},"1":{"loc":{"start":{"line":16,"column":2},"end":{"line":25,"column":3}},"type":"switch","locations":[{"start":{"line":17,"column":4},"end":{"line":18,"column":57}},{"start":{"line":19,"column":4},"end":{"line":20,"column":66}},{"start":{"line":21,"column":4},"end":{"line":22,"column":67}},{"start":{"line":23,"column":4},"end":{"line":24,"column":19}}],"line":16}},"s":{"0":2,"1":2,"2":6,"3":0,"4":0,"5":0,"6":6},"f":{"0":6},"b":{"0":[6],"1":[0,0,0,6]},"_coverageSchema":"1a1c01bbd47fc00a2c39e90264f33305004495a9","hash":"952aa08f013161e2c639119cccf46a46ea1b0c5b"}
,"/Users/ja/Desktop/WeatherApp/src/screens/Weather/Weather.handler.js": {"path":"/Users/ja/Desktop/WeatherApp/src/screens/Weather/Weather.handler.js","statementMap":{"0":{"start":{"line":11,"column":23},"end":{"line":85,"column":1}},"1":{"start":{"line":12,"column":19},"end":{"line":12,"column":32}},"2":{"start":{"line":13,"column":24},"end":{"line":13,"column":48}},"3":{"start":{"line":15,"column":41},"end":{"line":15,"column":76}},"4":{"start":{"line":15,"column":62},"end":{"line":15,"column":75}},"5":{"start":{"line":17,"column":32},"end":{"line":17,"column":47}},"6":{"start":{"line":18,"column":37},"end":{"line":18,"column":52}},"7":{"start":{"line":19,"column":46},"end":{"line":19,"column":60}},"8":{"start":{"line":21,"column":2},"end":{"line":23,"column":9}},"9":{"start":{"line":22,"column":4},"end":{"line":22,"column":32}},"10":{"start":{"line":25,"column":36},"end":{"line":30,"column":3}},"11":{"start":{"line":26,"column":22},"end":{"line":26,"column":43}},"12":{"start":{"line":27,"column":4},"end":{"line":29,"column":5}},"13":{"start":{"line":28,"column":6},"end":{"line":28,"column":46}},"14":{"start":{"line":32,"column":23},"end":{"line":51,"column":3}},"15":{"start":{"line":33,"column":4},"end":{"line":33,"column":21}},"16":{"start":{"line":34,"column":4},"end":{"line":34,"column":29}},"17":{"start":{"line":36,"column":4},"end":{"line":50,"column":5}},"18":{"start":{"line":37,"column":6},"end":{"line":49,"column":7}},"19":{"start":{"line":38,"column":23},"end":{"line":38,"column":64}},"20":{"start":{"line":40,"column":8},"end":{"line":45,"column":9}},"21":{"start":{"line":41,"column":10},"end":{"line":41,"column":49}},"22":{"start":{"line":42,"column":10},"end":{"line":42,"column":27}},"23":{"start":{"line":44,"column":10},"end":{"line":44,"column":28}},"24":{"start":{"line":47,"column":8},"end":{"line":47,"column":26}},"25":{"start":{"line":48,"column":8},"end":{"line":48,"column":46}},"26":{"start":{"line":53,"column":29},"end":{"line":61,"column":3}},"27":{"start":{"line":54,"column":4},"end":{"line":54,"column":22}},"28":{"start":{"line":55,"column":4},"end":{"line":55,"column":23}},"29":{"start":{"line":56,"column":4},"end":{"line":56,"column":30}},"30":{"start":{"line":58,"column":4},"end":{"line":60,"column":5}},"31":{"start":{"line":59,"column":6},"end":{"line":59,"column":30}},"32":{"start":{"line":63,"column":31},"end":{"line":63,"column":75}},"33":{"start":{"line":66,"column":4},"end":{"line":68,"column":34}},"34":{"start":{"line":70,"column":2},"end":{"line":84,"column":4}}},"fnMap":{"0":{"name":"(anonymous_0)","decl":{"start":{"line":11,"column":23},"end":{"line":11,"column":24}},"loc":{"start":{"line":11,"column":29},"end":{"line":85,"column":1}},"line":11},"1":{"name":"(anonymous_1)","decl":{"start":{"line":15,"column":53},"end":{"line":15,"column":54}},"loc":{"start":{"line":15,"column":62},"end":{"line":15,"column":75}},"line":15},"2":{"name":"(anonymous_2)","decl":{"start":{"line":21,"column":12},"end":{"line":21,"column":13}},"loc":{"start":{"line":21,"column":18},"end":{"line":23,"column":3}},"line":21},"3":{"name":"(anonymous_3)","decl":{"start":{"line":25,"column":36},"end":{"line":25,"column":37}},"loc":{"start":{"line":25,"column":48},"end":{"line":30,"column":3}},"line":25},"4":{"name":"(anonymous_4)","decl":{"start":{"line":32,"column":23},"end":{"line":32,"column":24}},"loc":{"start":{"line":32,"column":40},"end":{"line":51,"column":3}},"line":32},"5":{"name":"(anonymous_5)","decl":{"start":{"line":53,"column":29},"end":{"line":53,"column":30}},"loc":{"start":{"line":53,"column":35},"end":{"line":61,"column":3}},"line":53}},"branchMap":{"0":{"loc":{"start":{"line":27,"column":4},"end":{"line":29,"column":5}},"type":"if","locations":[{"start":{"line":27,"column":4},"end":{"line":29,"column":5}},{"start":{},"end":{}}],"line":27},"1":{"loc":{"start":{"line":36,"column":4},"end":{"line":50,"column":5}},"type":"if","locations":[{"start":{"line":36,"column":4},"end":{"line":50,"column":5}},{"start":{},"end":{}}],"line":36},"2":{"loc":{"start":{"line":40,"column":8},"end":{"line":45,"column":9}},"type":"if","locations":[{"start":{"line":40,"column":8},"end":{"line":45,"column":9}},{"start":{"line":43,"column":15},"end":{"line":45,"column":9}}],"line":40},"3":{"loc":{"start":{"line":58,"column":4},"end":{"line":60,"column":5}},"type":"if","locations":[{"start":{"line":58,"column":4},"end":{"line":60,"column":5}},{"start":{},"end":{}}],"line":58},"4":{"loc":{"start":{"line":66,"column":4},"end":{"line":68,"column":34}},"type":"cond-expr","locations":[{"start":{"line":67,"column":8},"end":{"line":67,"column":32}},{"start":{"line":68,"column":8},"end":{"line":68,"column":34}}],"line":66}},"s":{"0":2,"1":5,"2":5,"3":5,"4":5,"5":5,"6":5,"7":5,"8":5,"9":3,"10":5,"11":3,"12":3,"13":0,"14":5,"15":1,"16":1,"17":1,"18":1,"19":1,"20":1,"21":0,"22":0,"23":1,"24":0,"25":0,"26":5,"27":1,"28":1,"29":1,"30":1,"31":1,"32":5,"33":5,"34":5},"f":{"0":5,"1":5,"2":3,"3":3,"4":1,"5":1},"b":{"0":[0,3],"1":[1,0],"2":[0,1],"3":[1,0],"4":[0,5]},"_coverageSchema":"1a1c01bbd47fc00a2c39e90264f33305004495a9","hash":"d7168982c0069cc5d8a158218c513566b1c2782e"}
,"/Users/ja/Desktop/WeatherApp/src/screens/Weather/Weather.styles.js": {"path":"/Users/ja/Desktop/WeatherApp/src/screens/Weather/Weather.styles.js","statementMap":{"0":{"start":{"line":3,"column":33},"end":{"line":3,"column":57}},"1":{"start":{"line":4,"column":31},"end":{"line":4,"column":55}},"2":{"start":{"line":6,"column":15},"end":{"line":16,"column":2}}},"fnMap":{},"branchMap":{},"s":{"0":3,"1":3,"2":3},"f":{},"b":{},"_coverageSchema":"1a1c01bbd47fc00a2c39e90264f33305004495a9","hash":"308b09d01c934612dcb86562dc5cb4a389aff123"}
,"/Users/ja/Desktop/WeatherApp/src/screens/Weather/index.js": {"path":"/Users/ja/Desktop/WeatherApp/src/screens/Weather/index.js","statementMap":{"0":{"start":{"line":15,"column":16},"end":{"line":120,"column":1}},"1":{"start":{"line":17,"column":18},"end":{"line":17,"column":42}},"2":{"start":{"line":18,"column":18},"end":{"line":18,"column":30}},"3":{"start":{"line":31,"column":6},"end":{"line":31,"column":22}},"4":{"start":{"line":33,"column":19},"end":{"line":33,"column":23}},"5":{"start":{"line":35,"column":0},"end":{"line":67,"column":1}},"6":{"start":{"line":36,"column":2},"end":{"line":40,"column":4}},"7":{"start":{"line":41,"column":7},"end":{"line":67,"column":1}},"8":{"start":{"line":42,"column":0},"end":{"line":66,"column":2}},"9":{"start":{"line":69,"column":0},"end":{"line":119,"column":3}}},"fnMap":{"0":{"name":"(anonymous_0)","decl":{"start":{"line":15,"column":16},"end":{"line":15,"column":17}},"loc":{"start":{"line":15,"column":22},"end":{"line":120,"column":1}},"line":15}},"branchMap":{"0":{"loc":{"start":{"line":35,"column":0},"end":{"line":67,"column":1}},"type":"if","locations":[{"start":{"line":35,"column":0},"end":{"line":67,"column":1}},{"start":{"line":41,"column":7},"end":{"line":67,"column":1}}],"line":35},"1":{"loc":{"start":{"line":35,"column":4},"end":{"line":35,"column":24}},"type":"binary-expr","locations":[{"start":{"line":35,"column":4},"end":{"line":35,"column":15}},{"start":{"line":35,"column":19},"end":{"line":35,"column":24}}],"line":35},"2":{"loc":{"start":{"line":41,"column":7},"end":{"line":67,"column":1}},"type":"if","locations":[{"start":{"line":41,"column":7},"end":{"line":67,"column":1}},{"start":{},"end":{}}],"line":41},"3":{"loc":{"start":{"line":41,"column":11},"end":{"line":41,"column":49}},"type":"binary-expr","locations":[{"start":{"line":41,"column":11},"end":{"line":41,"column":25}},{"start":{"line":41,"column":29},"end":{"line":41,"column":49}}],"line":41},"4":{"loc":{"start":{"line":46,"column":36},"end":{"line":46,"column":85}},"type":"cond-expr","locations":[{"start":{"line":46,"column":59},"end":{"line":46,"column":71}},{"start":{"line":46,"column":73},"end":{"line":46,"column":85}}],"line":46},"5":{"loc":{"start":{"line":47,"column":38},"end":{"line":47,"column":87}},"type":"cond-expr","locations":[{"start":{"line":47,"column":61},"end":{"line":47,"column":73}},{"start":{"line":47,"column":75},"end":{"line":47,"column":87}}],"line":47},"6":{"loc":{"start":{"line":61,"column":47},"end":{"line":61,"column":96}},"type":"cond-expr","locations":[{"start":{"line":61,"column":70},"end":{"line":61,"column":82}},{"start":{"line":61,"column":84},"end":{"line":61,"column":96}}],"line":61},"7":{"loc":{"start":{"line":62,"column":42},"end":{"line":62,"column":92}},"type":"cond-expr","locations":[{"start":{"line":62,"column":65},"end":{"line":62,"column":77}},{"start":{"line":62,"column":80},"end":{"line":62,"column":92}}],"line":62},"8":{"loc":{"start":{"line":75,"column":13},"end":{"line":75,"column":49}},"type":"binary-expr","locations":[{"start":{"line":75,"column":13},"end":{"line":75,"column":33}},{"start":{"line":75,"column":37},"end":{"line":75,"column":49}}],"line":75},"9":{"loc":{"start":{"line":76,"column":11},"end":{"line":76,"column":48}},"type":"binary-expr","locations":[{"start":{"line":76,"column":11},"end":{"line":76,"column":31}},{"start":{"line":76,"column":35},"end":{"line":76,"column":48}}],"line":76},"10":{"loc":{"start":{"line":85,"column":93},"end":{"line":85,"column":133}},"type":"cond-expr","locations":[{"start":{"line":85,"column":106},"end":{"line":85,"column":119}},{"start":{"line":85,"column":122},"end":{"line":85,"column":133}}],"line":85},"11":{"loc":{"start":{"line":86,"column":3},"end":{"line":97,"column":3}},"type":"cond-expr","locations":[{"start":{"line":86,"column":16},"end":{"line":86,"column":20}},{"start":{"line":88,"column":4},"end":{"line":96,"column":6}}],"line":86},"12":{"loc":{"start":{"line":104,"column":27},"end":{"line":104,"column":74}},"type":"cond-expr","locations":[{"start":{"line":104,"column":49},"end":{"line":104,"column":60}},{"start":{"line":104,"column":63},"end":{"line":104,"column":74}}],"line":104},"13":{"loc":{"start":{"line":110,"column":3},"end":{"line":115,"column":14}},"type":"cond-expr","locations":[{"start":{"line":111,"column":4},"end":{"line":113,"column":11}},{"start":{"line":115,"column":2},"end":{"line":115,"column":14}}],"line":110},"14":{"loc":{"start":{"line":112,"column":59},"end":{"line":112,"column":105}},"type":"cond-expr","locations":[{"start":{"line":112,"column":81},"end":{"line":112,"column":92}},{"start":{"line":112,"column":95},"end":{"line":112,"column":105}}],"line":112}},"s":{"0":3,"1":1,"2":1,"3":1,"4":1,"5":1,"6":0,"7":1,"8":1,"9":1},"f":{"0":1},"b":{"0":[0,1],"1":[1,1],"2":[1,0],"3":[1,1],"4":[0,1],"5":[0,1],"6":[0,1],"7":[0,1],"8":[1,0],"9":[1,0],"10":[0,1],"11":[0,1],"12":[0,1],"13":[0,1],"14":[0,0]},"_coverageSchema":"1a1c01bbd47fc00a2c39e90264f33305004495a9","hash":"cbd1c0bc25120161412a7d09c0ddb809244880d1"}
,"/Users/ja/Desktop/WeatherApp/src/services/weatherService.js": {"path":"/Users/ja/Desktop/WeatherApp/src/services/weatherService.js","statementMap":{"0":{"start":{"line":4,"column":16},"end":{"line":4,"column":62}},"1":{"start":{"line":6,"column":30},"end":{"line":25,"column":1}},"2":{"start":{"line":7,"column":14},"end":{"line":7,"column":107}},"3":{"start":{"line":9,"column":2},"end":{"line":24,"column":3}},"4":{"start":{"line":10,"column":19},"end":{"line":10,"column":39}},"5":{"start":{"line":12,"column":2},"end":{"line":18,"column":4}},"6":{"start":{"line":20,"column":4},"end":{"line":22,"column":5}},"7":{"start":{"line":21,"column":6},"end":{"line":21,"column":40}},"8":{"start":{"line":23,"column":4},"end":{"line":23,"column":52}}},"fnMap":{"0":{"name":"(anonymous_0)","decl":{"start":{"line":6,"column":30},"end":{"line":6,"column":31}},"loc":{"start":{"line":6,"column":50},"end":{"line":25,"column":1}},"line":6}},"branchMap":{"0":{"loc":{"start":{"line":20,"column":4},"end":{"line":22,"column":5}},"type":"if","locations":[{"start":{"line":20,"column":4},"end":{"line":22,"column":5}},{"start":{},"end":{}}],"line":20},"1":{"loc":{"start":{"line":20,"column":8},"end":{"line":20,"column":75}},"type":"binary-expr","locations":[{"start":{"line":20,"column":8},"end":{"line":20,"column":22}},{"start":{"line":20,"column":26},"end":{"line":20,"column":75}}],"line":20}},"s":{"0":1,"1":1,"2":0,"3":0,"4":0,"5":0,"6":0,"7":0,"8":0},"f":{"0":0},"b":{"0":[0,0],"1":[0,0]},"_coverageSchema":"1a1c01bbd47fc00a2c39e90264f33305004495a9","hash":"7fffa476eb48d02119c79c6e243633c2927dc652"}
,"/Users/ja/Desktop/WeatherApp/src/utils/asyncStorage.js": {"path":"/Users/ja/Desktop/WeatherApp/src/utils/asyncStorage.js","statementMap":{"0":{"start":{"line":3,"column":25},"end":{"line":9,"column":1}},"1":{"start":{"line":4,"column":2},"end":{"line":8,"column":5}},"2":{"start":{"line":5,"column":4},"end":{"line":5,"column":43}},"3":{"start":{"line":7,"column":4},"end":{"line":7,"column":47}},"4":{"start":{"line":11,"column":23},"end":{"line":18,"column":1}},"5":{"start":{"line":12,"column":2},"end":{"line":17,"column":5}},"6":{"start":{"line":13,"column":18},"end":{"line":13,"column":49}},"7":{"start":{"line":14,"column":4},"end":{"line":14,"column":17}},"8":{"start":{"line":16,"column":4},"end":{"line":16,"column":50}}},"fnMap":{"0":{"name":"(anonymous_0)","decl":{"start":{"line":3,"column":25},"end":{"line":3,"column":26}},"loc":{"start":{"line":3,"column":47},"end":{"line":9,"column":1}},"line":3},"1":{"name":"(anonymous_1)","decl":{"start":{"line":11,"column":23},"end":{"line":11,"column":24}},"loc":{"start":{"line":11,"column":38},"end":{"line":18,"column":1}},"line":11}},"branchMap":{},"s":{"0":1,"1":0,"2":0,"3":0,"4":1,"5":0,"6":0,"7":0,"8":0},"f":{"0":0,"1":0},"b":{},"_coverageSchema":"1a1c01bbd47fc00a2c39e90264f33305004495a9","hash":"4f7c94c98696a1da1561f9a3aad94f352aab8b59"}
,"/Users/ja/Desktop/WeatherApp/src/utils/constants.js": {"path":"/Users/ja/Desktop/WeatherApp/src/utils/constants.js","statementMap":{"0":{"start":{"line":1,"column":27},"end":{"line":1,"column":36}},"1":{"start":{"line":2,"column":26},"end":{"line":2,"column":35}},"2":{"start":{"line":3,"column":27},"end":{"line":3,"column":36}},"3":{"start":{"line":4,"column":27},"end":{"line":4,"column":36}},"4":{"start":{"line":5,"column":26},"end":{"line":5,"column":35}}},"fnMap":{},"branchMap":{},"s":{"0":3,"1":3,"2":3,"3":3,"4":3},"f":{},"b":{},"_coverageSchema":"1a1c01bbd47fc00a2c39e90264f33305004495a9","hash":"bd7c9bfeb459e3cca15299a4cf1654a8a58a4427"}
}
