TN:
SF:App.js
FN:15,(anonymous_0)
FN:18,App
FN:21,(anonymous_2)
FN:22,(anonymous_3)
FNF:4
FNH:0
FNDA:0,(anonymous_0)
FNDA:0,App
FNDA:0,(anonymous_2)
FNDA:0,(anonymous_3)
DA:13,2
DA:19,0
DA:21,0
DA:22,0
DA:25,0
DA:27,0
LF:6
LH:1
BRDA:22,0,0,0
BRDA:22,0,1,0
BRDA:25,1,0,0
BRDA:25,1,1,0
BRDA:32,2,0,0
BRDA:32,2,1,0
BRF:6
BRH:0
end_of_record
TN:
SF:index.js
FNF:0
FNH:0
DA:8,0
LF:1
LH:0
BRF:0
BRH:0
end_of_record
TN:
SF:src/components/Header/Header.js
FN:7,(anonymous_0)
FNF:1
FNH:1
FNDA:1,(anonymous_0)
DA:7,2
DA:8,1
DA:10,1
LF:3
LH:3
BRDA:21,0,0,0
BRDA:21,0,1,1
BRDA:24,1,0,1
BRDA:24,1,1,0
BRDA:26,2,0,1
BRDA:26,2,1,0
BRF:6
BRH:3
end_of_record
TN:
SF:src/navigation/AppNavigation.js
FN:7,(anonymous_0)
FNF:1
FNH:0
FNDA:0,(anonymous_0)
DA:5,2
DA:7,2
DA:8,0
LF:3
LH:2
BRF:0
BRH:0
end_of_record
TN:
SF:src/redux/store.js
FN:9,(anonymous_0)
FNF:1
FNH:1
FNDA:2,(anonymous_0)
DA:5,2
DA:10,2
LF:2
LH:2
BRF:0
BRH:0
end_of_record
TN:
SF:src/redux/actions/actionTypes.js
FNF:0
FNH:0
DA:1,4
DA:2,4
DA:3,4
LF:3
LH:3
BRF:0
BRH:0
end_of_record
TN:
SF:src/redux/actions/index.js
FNF:0
FNH:0
LF:0
LH:0
BRF:0
BRH:0
end_of_record
TN:
SF:src/redux/actions/weatherAction.js
FN:9,(anonymous_0)
FN:13,(anonymous_1)
FN:18,(anonymous_2)
FN:24,(anonymous_3)
FN:24,(anonymous_4)
FNF:5
FNH:5
FNDA:2,(anonymous_0)
FNDA:1,(anonymous_1)
FNDA:1,(anonymous_2)
FNDA:2,(anonymous_3)
FNDA:2,(anonymous_4)
DA:9,2
DA:13,2
DA:18,2
DA:24,2
DA:25,2
DA:26,2
DA:27,2
DA:28,1
DA:29,1
DA:31,1
LF:10
LH:10
BRF:0
BRH:0
end_of_record
TN:
SF:src/redux/reducers/weatherReducer.js
FN:15,(anonymous_0)
FNF:1
FNH:1
FNDA:10,(anonymous_0)
DA:9,3
DA:15,3
DA:16,10
DA:18,1
DA:20,1
DA:22,1
DA:24,7
LF:7
LH:7
BRDA:15,0,0,7
BRDA:16,1,0,1
BRDA:16,1,1,1
BRDA:16,1,2,1
BRDA:16,1,3,7
BRF:5
BRH:5
end_of_record
TN:
SF:src/screens/Weather/Weather.handler.js
FN:11,(anonymous_0)
FN:15,(anonymous_1)
FN:22,(anonymous_2)
FN:26,(anonymous_3)
FN:34,(anonymous_4)
FN:57,(anonymous_5)
FNF:6
FNH:6
FNDA:5,(anonymous_0)
FNDA:5,(anonymous_1)
FNDA:3,(anonymous_2)
FNDA:3,(anonymous_3)
FNDA:1,(anonymous_4)
FNDA:1,(anonymous_5)
DA:11,2
DA:12,5
DA:13,5
DA:15,5
DA:17,5
DA:18,5
DA:19,5
DA:22,5
DA:23,3
DA:26,5
DA:27,3
DA:28,3
DA:29,0
DA:34,5
DA:35,1
DA:36,1
DA:38,1
DA:39,1
DA:40,1
DA:43,1
DA:44,0
DA:45,0
DA:47,1
DA:50,0
DA:51,0
DA:57,5
DA:58,1
DA:59,1
DA:60,1
DA:63,1
DA:64,1
DA:69,5
DA:72,5
DA:76,5
LF:34
LH:29
BRDA:28,0,0,0
BRDA:28,0,1,3
BRDA:38,1,0,1
BRDA:38,1,1,0
BRDA:43,2,0,0
BRDA:43,2,1,1
BRDA:63,3,0,1
BRDA:63,3,1,0
BRDA:72,4,0,0
BRDA:72,4,1,5
BRF:10
BRH:5
end_of_record
TN:
SF:src/screens/Weather/Weather.styles.js
FNF:0
FNH:0
DA:4,3
DA:5,3
DA:7,3
LF:3
LH:3
BRF:0
BRH:0
end_of_record
TN:
SF:src/screens/Weather/index.js
FN:15,(anonymous_0)
FNF:1
FNH:1
FNDA:1,(anonymous_0)
DA:15,3
DA:17,1
DA:19,1
DA:33,1
DA:35,1
DA:38,1
DA:39,0
DA:46,1
DA:47,1
DA:91,1
LF:10
LH:9
BRDA:38,0,0,0
BRDA:38,0,1,1
BRDA:38,1,0,1
BRDA:38,1,1,1
BRDA:46,2,0,1
BRDA:46,2,1,0
BRDA:46,3,0,1
BRDA:46,3,1,1
BRDA:56,4,0,0
BRDA:56,4,1,1
BRDA:57,5,0,0
BRDA:57,5,1,1
BRDA:74,6,0,0
BRDA:74,6,1,1
BRDA:80,7,0,0
BRDA:80,7,1,1
BRDA:83,8,0,0
BRDA:83,8,1,1
BRDA:98,9,0,1
BRDA:98,9,1,0
BRDA:99,10,0,1
BRDA:99,10,1,0
BRDA:112,11,0,0
BRDA:112,11,1,1
BRDA:114,12,0,0
BRDA:114,12,1,1
BRDA:132,13,0,0
BRDA:132,13,1,1
BRDA:138,14,0,0
BRDA:138,14,1,1
BRDA:140,15,0,0
BRDA:140,15,1,0
BRF:32
BRH:17
end_of_record
TN:
SF:src/services/weatherService.js
FN:7,(anonymous_0)
FNF:1
FNH:1
FNDA:3,(anonymous_0)
DA:5,3
DA:7,3
DA:9,3
DA:11,3
DA:12,3
DA:14,1
DA:22,2
DA:23,1
DA:25,1
LF:9
LH:9
BRDA:22,0,0,1
BRDA:22,0,1,1
BRDA:22,1,0,2
BRDA:22,1,1,1
BRF:4
BRH:4
end_of_record
TN:
SF:src/utils/asyncStorage.js
FN:3,(anonymous_0)
FN:11,(anonymous_1)
FNF:2
FNH:2
FNDA:2,(anonymous_0)
FNDA:2,(anonymous_1)
DA:3,2
DA:4,2
DA:5,2
DA:7,1
DA:11,2
DA:12,2
DA:13,2
DA:14,1
DA:16,1
LF:9
LH:9
BRF:0
BRH:0
end_of_record
TN:
SF:src/utils/constants.js
FNF:0
FNH:0
DA:1,3
DA:2,3
DA:3,3
DA:4,3
DA:5,3
LF:5
LH:5
BRF:0
BRH:0
end_of_record
